<?xml version="1.0" encoding="UTF-8"?>
<coverage generated="1569327200798" clover="3.2.0">
  <project timestamp="1569327200798" name="All files">
    <metrics statements="48" coveredstatements="42" conditionals="38" coveredconditionals="30" methods="20" coveredmethods="18" elements="106" coveredelements="90" complexity="0" loc="48" ncloc="48" packages="1" files="1" classes="1">
      <file name="index.js" path="/Users/jquinten/Projects/workshop/drummachine/src/common/drummachine/index.js">
        <metrics statements="48" coveredstatements="42" conditionals="38" coveredconditionals="30" methods="20" coveredmethods="18"/>
        <line num="14" count="8" type="cond" truecount="2" falsecount="0"/>
        <line num="15" count="8" type="cond" truecount="1" falsecount="1"/>
        <line num="16" count="8" type="cond" truecount="2" falsecount="0"/>
        <line num="17" count="8" type="cond" truecount="2" falsecount="0"/>
        <line num="18" count="8" type="stmt"/>
        <line num="19" count="8" type="stmt"/>
        <line num="20" count="8" type="stmt"/>
        <line num="21" count="8" type="stmt"/>
        <line num="22" count="8" type="stmt"/>
        <line num="23" count="8" type="stmt"/>
        <line num="34" count="1" type="stmt"/>
        <line num="35" count="1" type="stmt"/>
        <line num="46" count="6" type="stmt"/>
        <line num="50" count="8" type="stmt"/>
        <line num="52" count="24" type="stmt"/>
        <line num="57" count="24" type="stmt"/>
        <line num="58" count="69" type="stmt"/>
        <line num="63" count="2" type="stmt"/>
        <line num="64" count="2" type="cond" truecount="2" falsecount="0"/>
        <line num="65" count="1" type="stmt"/>
        <line num="67" count="2" type="cond" truecount="2" falsecount="0"/>
        <line num="68" count="1" type="stmt"/>
        <line num="73" count="6" type="stmt"/>
        <line num="74" count="6" type="cond" truecount="2" falsecount="0"/>
        <line num="75" count="6" type="stmt"/>
        <line num="76" count="6" type="stmt"/>
        <line num="77" count="6" type="cond" truecount="1" falsecount="1"/>
        <line num="78" count="6" type="stmt"/>
        <line num="80" count="0" type="stmt"/>
        <line num="82" count="6" type="cond" truecount="1" falsecount="1"/>
        <line num="84" count="6" type="cond" truecount="1" falsecount="1"/>
        <line num="88" count="2" type="stmt"/>
        <line num="89" count="2" type="stmt"/>
        <line num="93" count="1" type="stmt"/>
        <line num="97" count="6" type="stmt"/>
        <line num="101" count="0" type="stmt"/>
        <line num="105" count="2" type="stmt"/>
        <line num="106" count="2" type="stmt"/>
        <line num="110" count="0" type="stmt"/>
        <line num="111" count="0" type="stmt"/>
        <line num="112" count="0" type="stmt"/>
        <line num="116" count="14" type="stmt"/>
        <line num="120" count="5" type="cond" truecount="4" falsecount="0"/>
        <line num="121" count="3" type="cond" truecount="4" falsecount="0"/>
        <line num="122" count="2" type="stmt"/>
        <line num="128" count="1" type="cond" truecount="3" falsecount="1"/>
        <line num="129" count="3" type="stmt"/>
        <line num="130" count="0" type="stmt"/>
      </file>
    </metrics>
  </project>
</coverage>
