{"/Users/jquinten/Projects/workshop/drummachine/src/common/drummachine/index.js": {"path":"/Users/jquinten/Projects/workshop/drummachine/src/common/drummachine/index.js","statementMap":{"0":{"start":{"line":14,"column":4},"end":{"line":14,"column":32}},"1":{"start":{"line":15,"column":4},"end":{"line":15,"column":33}},"2":{"start":{"line":16,"column":4},"end":{"line":16,"column":36}},"3":{"start":{"line":17,"column":4},"end":{"line":17,"column":53}},"4":{"start":{"line":18,"column":4},"end":{"line":18,"column":25}},"5":{"start":{"line":19,"column":4},"end":{"line":19,"column":25}},"6":{"start":{"line":20,"column":4},"end":{"line":20,"column":28}},"7":{"start":{"line":21,"column":4},"end":{"line":21,"column":25}},"8":{"start":{"line":22,"column":4},"end":{"line":22,"column":24}},"9":{"start":{"line":23,"column":4},"end":{"line":23,"column":28}},"10":{"start":{"line":34,"column":8},"end":{"line":34,"column":12}},"11":{"start":{"line":35,"column":4},"end":{"line":42,"column":6}},"12":{"start":{"line":46,"column":4},"end":{"line":46,"column":45}},"13":{"start":{"line":50,"column":4},"end":{"line":53,"column":7}},"14":{"start":{"line":52,"column":23},"end":{"line":52,"column":58}},"15":{"start":{"line":57,"column":4},"end":{"line":59,"column":6}},"16":{"start":{"line":58,"column":24},"end":{"line":58,"column":47}},"17":{"start":{"line":63,"column":17},"end":{"line":63,"column":54}},"18":{"start":{"line":64,"column":4},"end":{"line":66,"column":5}},"19":{"start":{"line":65,"column":6},"end":{"line":65,"column":66}},"20":{"start":{"line":67,"column":4},"end":{"line":69,"column":5}},"21":{"start":{"line":68,"column":6},"end":{"line":68,"column":55}},"22":{"start":{"line":73,"column":4},"end":{"line":73,"column":24}},"23":{"start":{"line":74,"column":4},"end":{"line":74,"column":72}},"24":{"start":{"line":74,"column":27},"end":{"line":74,"column":72}},"25":{"start":{"line":75,"column":4},"end":{"line":75,"column":35}},"26":{"start":{"line":75,"column":23},"end":{"line":75,"column":35}},"27":{"start":{"line":76,"column":4},"end":{"line":76,"column":25}},"28":{"start":{"line":77,"column":4},"end":{"line":84,"column":30}},"29":{"start":{"line":78,"column":6},"end":{"line":82,"column":7}},"30":{"start":{"line":79,"column":8},"end":{"line":79,"column":29}},"31":{"start":{"line":81,"column":8},"end":{"line":81,"column":48}},"32":{"start":{"line":83,"column":6},"end":{"line":83,"column":55}},"33":{"start":{"line":83,"column":43},"end":{"line":83,"column":55}},"34":{"start":{"line":88,"column":4},"end":{"line":88,"column":25}},"35":{"start":{"line":89,"column":4},"end":{"line":89,"column":33}},"36":{"start":{"line":93,"column":4},"end":{"line":93,"column":19}},"37":{"start":{"line":94,"column":4},"end":{"line":94,"column":17}},"38":{"start":{"line":98,"column":4},"end":{"line":98,"column":20}},"39":{"start":{"line":102,"column":4},"end":{"line":102,"column":33}},"40":{"start":{"line":106,"column":4},"end":{"line":106,"column":57}},"41":{"start":{"line":107,"column":4},"end":{"line":107,"column":33}},"42":{"start":{"line":111,"column":4},"end":{"line":111,"column":21}},"43":{"start":{"line":112,"column":4},"end":{"line":112,"column":49}},"44":{"start":{"line":113,"column":4},"end":{"line":113,"column":17}},"45":{"start":{"line":117,"column":4},"end":{"line":117,"column":28}},"46":{"start":{"line":121,"column":4},"end":{"line":125,"column":5}},"47":{"start":{"line":122,"column":6},"end":{"line":124,"column":7}},"48":{"start":{"line":123,"column":8},"end":{"line":123,"column":48}},"49":{"start":{"line":129,"column":4},"end":{"line":130,"column":73}},"50":{"start":{"line":130,"column":6},"end":{"line":130,"column":73}},"51":{"start":{"line":130,"column":48},"end":{"line":130,"column":71}},"52":{"start":{"line":131,"column":4},"end":{"line":131,"column":11}}},"fnMap":{"0":{"name":"(anonymous_0)","decl":{"start":{"line":6,"column":2},"end":{"line":6,"column":3}},"loc":{"start":{"line":13,"column":4},"end":{"line":24,"column":3}},"line":13},"1":{"name":"(anonymous_1)","decl":{"start":{"line":26,"column":2},"end":{"line":26,"column":3}},"loc":{"start":{"line":26,"column":14},"end":{"line":43,"column":3}},"line":26},"2":{"name":"(anonymous_2)","decl":{"start":{"line":45,"column":2},"end":{"line":45,"column":3}},"loc":{"start":{"line":45,"column":19},"end":{"line":47,"column":3}},"line":45},"3":{"name":"(anonymous_3)","decl":{"start":{"line":49,"column":2},"end":{"line":49,"column":3}},"loc":{"start":{"line":49,"column":23},"end":{"line":54,"column":3}},"line":49},"4":{"name":"(anonymous_4)","decl":{"start":{"line":52,"column":6},"end":{"line":52,"column":7}},"loc":{"start":{"line":52,"column":23},"end":{"line":52,"column":58}},"line":52},"5":{"name":"(anonymous_5)","decl":{"start":{"line":56,"column":2},"end":{"line":56,"column":3}},"loc":{"start":{"line":56,"column":36},"end":{"line":60,"column":3}},"line":56},"6":{"name":"(anonymous_6)","decl":{"start":{"line":58,"column":6},"end":{"line":58,"column":7}},"loc":{"start":{"line":58,"column":24},"end":{"line":58,"column":47}},"line":58},"7":{"name":"(anonymous_7)","decl":{"start":{"line":62,"column":2},"end":{"line":62,"column":3}},"loc":{"start":{"line":62,"column":59},"end":{"line":70,"column":3}},"line":62},"8":{"name":"(anonymous_8)","decl":{"start":{"line":72,"column":2},"end":{"line":72,"column":3}},"loc":{"start":{"line":72,"column":10},"end":{"line":85,"column":3}},"line":72},"9":{"name":"(anonymous_9)","decl":{"start":{"line":77,"column":32},"end":{"line":77,"column":33}},"loc":{"start":{"line":77,"column":38},"end":{"line":84,"column":5}},"line":77},"10":{"name":"(anonymous_10)","decl":{"start":{"line":87,"column":2},"end":{"line":87,"column":3}},"loc":{"start":{"line":87,"column":9},"end":{"line":90,"column":3}},"line":87},"11":{"name":"(anonymous_11)","decl":{"start":{"line":92,"column":2},"end":{"line":92,"column":3}},"loc":{"start":{"line":92,"column":14},"end":{"line":95,"column":3}},"line":92},"12":{"name":"(anonymous_12)","decl":{"start":{"line":97,"column":2},"end":{"line":97,"column":3}},"loc":{"start":{"line":97,"column":11},"end":{"line":99,"column":3}},"line":97},"13":{"name":"(anonymous_13)","decl":{"start":{"line":101,"column":2},"end":{"line":101,"column":3}},"loc":{"start":{"line":101,"column":19},"end":{"line":103,"column":3}},"line":101},"14":{"name":"(anonymous_14)","decl":{"start":{"line":105,"column":2},"end":{"line":105,"column":3}},"loc":{"start":{"line":105,"column":20},"end":{"line":108,"column":3}},"line":105},"15":{"name":"(anonymous_15)","decl":{"start":{"line":110,"column":2},"end":{"line":110,"column":3}},"loc":{"start":{"line":110,"column":20},"end":{"line":114,"column":3}},"line":110},"16":{"name":"(anonymous_16)","decl":{"start":{"line":116,"column":2},"end":{"line":116,"column":3}},"loc":{"start":{"line":116,"column":19},"end":{"line":118,"column":3}},"line":116},"17":{"name":"(anonymous_17)","decl":{"start":{"line":120,"column":2},"end":{"line":120,"column":3}},"loc":{"start":{"line":120,"column":51},"end":{"line":126,"column":3}},"line":120},"18":{"name":"(anonymous_18)","decl":{"start":{"line":128,"column":2},"end":{"line":128,"column":3}},"loc":{"start":{"line":128,"column":19},"end":{"line":132,"column":3}},"line":128},"19":{"name":"(anonymous_19)","decl":{"start":{"line":130,"column":39},"end":{"line":130,"column":40}},"loc":{"start":{"line":130,"column":48},"end":{"line":130,"column":71}},"line":130}},"branchMap":{"0":{"loc":{"start":{"line":7,"column":4},"end":{"line":12,"column":5}},"type":"default-arg","locations":[{"start":{"line":7,"column":13},"end":{"line":12,"column":5}}],"line":7},"1":{"loc":{"start":{"line":14,"column":15},"end":{"line":14,"column":31}},"type":"binary-expr","locations":[{"start":{"line":14,"column":15},"end":{"line":14,"column":25}},{"start":{"line":14,"column":29},"end":{"line":14,"column":31}}],"line":14},"2":{"loc":{"start":{"line":15,"column":16},"end":{"line":15,"column":32}},"type":"binary-expr","locations":[{"start":{"line":15,"column":16},"end":{"line":15,"column":27}},{"start":{"line":15,"column":31},"end":{"line":15,"column":32}}],"line":15},"3":{"loc":{"start":{"line":16,"column":16},"end":{"line":16,"column":35}},"type":"binary-expr","locations":[{"start":{"line":16,"column":16},"end":{"line":16,"column":27}},{"start":{"line":16,"column":31},"end":{"line":16,"column":35}}],"line":16},"4":{"loc":{"start":{"line":17,"column":26},"end":{"line":17,"column":52}},"type":"binary-expr","locations":[{"start":{"line":17,"column":26},"end":{"line":17,"column":47}},{"start":{"line":17,"column":51},"end":{"line":17,"column":52}}],"line":17},"5":{"loc":{"start":{"line":56,"column":15},"end":{"line":56,"column":23}},"type":"default-arg","locations":[{"start":{"line":56,"column":22},"end":{"line":56,"column":23}}],"line":56},"6":{"loc":{"start":{"line":56,"column":25},"end":{"line":56,"column":34}},"type":"default-arg","locations":[{"start":{"line":56,"column":33},"end":{"line":56,"column":34}}],"line":56},"7":{"loc":{"start":{"line":64,"column":4},"end":{"line":66,"column":5}},"type":"if","locations":[{"start":{"line":64,"column":4},"end":{"line":66,"column":5}},{"start":{"line":64,"column":4},"end":{"line":66,"column":5}}],"line":64},"8":{"loc":{"start":{"line":67,"column":4},"end":{"line":69,"column":5}},"type":"if","locations":[{"start":{"line":67,"column":4},"end":{"line":69,"column":5}},{"start":{"line":67,"column":4},"end":{"line":69,"column":5}}],"line":67},"9":{"loc":{"start":{"line":74,"column":4},"end":{"line":74,"column":72}},"type":"if","locations":[{"start":{"line":74,"column":4},"end":{"line":74,"column":72}},{"start":{"line":74,"column":4},"end":{"line":74,"column":72}}],"line":74},"10":{"loc":{"start":{"line":75,"column":4},"end":{"line":75,"column":35}},"type":"if","locations":[{"start":{"line":75,"column":4},"end":{"line":75,"column":35}},{"start":{"line":75,"column":4},"end":{"line":75,"column":35}}],"line":75},"11":{"loc":{"start":{"line":78,"column":6},"end":{"line":82,"column":7}},"type":"if","locations":[{"start":{"line":78,"column":6},"end":{"line":82,"column":7}},{"start":{"line":78,"column":6},"end":{"line":82,"column":7}}],"line":78},"12":{"loc":{"start":{"line":83,"column":6},"end":{"line":83,"column":55}},"type":"if","locations":[{"start":{"line":83,"column":6},"end":{"line":83,"column":55}},{"start":{"line":83,"column":6},"end":{"line":83,"column":55}}],"line":83},"13":{"loc":{"start":{"line":110,"column":10},"end":{"line":110,"column":18}},"type":"default-arg","locations":[{"start":{"line":110,"column":17},"end":{"line":110,"column":18}}],"line":110},"14":{"loc":{"start":{"line":120,"column":19},"end":{"line":120,"column":29}},"type":"default-arg","locations":[{"start":{"line":120,"column":27},"end":{"line":120,"column":29}}],"line":120},"15":{"loc":{"start":{"line":120,"column":31},"end":{"line":120,"column":41}},"type":"default-arg","locations":[{"start":{"line":120,"column":39},"end":{"line":120,"column":41}}],"line":120},"16":{"loc":{"start":{"line":121,"column":4},"end":{"line":125,"column":5}},"type":"if","locations":[{"start":{"line":121,"column":4},"end":{"line":125,"column":5}},{"start":{"line":121,"column":4},"end":{"line":125,"column":5}}],"line":121},"17":{"loc":{"start":{"line":121,"column":8},"end":{"line":121,"column":53}},"type":"binary-expr","locations":[{"start":{"line":121,"column":8},"end":{"line":121,"column":18}},{"start":{"line":121,"column":22},"end":{"line":121,"column":53}}],"line":121},"18":{"loc":{"start":{"line":122,"column":6},"end":{"line":124,"column":7}},"type":"if","locations":[{"start":{"line":122,"column":6},"end":{"line":124,"column":7}},{"start":{"line":122,"column":6},"end":{"line":124,"column":7}}],"line":122},"19":{"loc":{"start":{"line":122,"column":10},"end":{"line":122,"column":62}},"type":"binary-expr","locations":[{"start":{"line":122,"column":10},"end":{"line":122,"column":20}},{"start":{"line":122,"column":24},"end":{"line":122,"column":62}}],"line":122},"20":{"loc":{"start":{"line":129,"column":4},"end":{"line":130,"column":73}},"type":"if","locations":[{"start":{"line":129,"column":4},"end":{"line":130,"column":73}},{"start":{"line":129,"column":4},"end":{"line":130,"column":73}}],"line":129},"21":{"loc":{"start":{"line":129,"column":8},"end":{"line":129,"column":54}},"type":"binary-expr","locations":[{"start":{"line":129,"column":8},"end":{"line":129,"column":29}},{"start":{"line":129,"column":33},"end":{"line":129,"column":54}}],"line":129}},"s":{"0":8,"1":8,"2":8,"3":8,"4":8,"5":8,"6":8,"7":8,"8":8,"9":8,"10":1,"11":1,"12":13,"13":9,"14":27,"15":27,"16":87,"17":2,"18":2,"19":1,"20":2,"21":1,"22":12,"23":12,"24":7,"25":12,"26":5,"27":12,"28":12,"29":11,"30":8,"31":3,"32":11,"33":11,"34":6,"35":6,"36":2,"37":2,"38":13,"39":1,"40":2,"41":2,"42":2,"43":2,"44":2,"45":23,"46":5,"47":3,"48":2,"49":4,"50":3,"51":9,"52":1},"f":{"0":8,"1":1,"2":13,"3":9,"4":27,"5":27,"6":87,"7":2,"8":12,"9":11,"10":6,"11":2,"12":13,"13":1,"14":2,"15":2,"16":23,"17":5,"18":4,"19":9},"b":{"0":[4],"1":[8,6],"2":[8,0],"3":[8,4],"4":[8,4],"5":[0],"6":[0],"7":[1,1],"8":[1,1],"9":[7,5],"10":[5,7],"11":[8,3],"12":[11,0],"13":[1],"14":[1],"15":[2],"16":[3,2],"17":[5,4],"18":[2,1],"19":[3,2],"20":[3,1],"21":[4,4]},"_coverageSchema":"332fd63041d2c1bcb487cc26dd0d5f7d97098a6c","hash":"117326dedf1c1ca40450efcc90378d787a0dd58f"}
}
