TN:
SF:/Users/jquinten/Projects/workshop/drummachine/src/common/drummachine/index.js
FN:6,(anonymous_0)
FN:26,(anonymous_1)
FN:45,(anonymous_2)
FN:49,(anonymous_3)
FN:52,(anonymous_4)
FN:56,(anonymous_5)
FN:58,(anonymous_6)
FN:62,(anonymous_7)
FN:72,(anonymous_8)
FN:76,(anonymous_9)
FN:87,(anonymous_10)
FN:92,(anonymous_11)
FN:96,(anonymous_12)
FN:100,(anonymous_13)
FN:104,(anonymous_14)
FN:109,(anonymous_15)
FN:115,(anonymous_16)
FN:119,(anonymous_17)
FN:127,(anonymous_18)
FN:129,(anonymous_19)
FNF:20
FNH:18
FNDA:8,(anonymous_0)
FNDA:1,(anonymous_1)
FNDA:6,(anonymous_2)
FNDA:8,(anonymous_3)
FNDA:24,(anonymous_4)
FNDA:24,(anonymous_5)
FNDA:69,(anonymous_6)
FNDA:2,(anonymous_7)
FNDA:6,(anonymous_8)
FNDA:6,(anonymous_9)
FNDA:2,(anonymous_10)
FNDA:1,(anonymous_11)
FNDA:6,(anonymous_12)
FNDA:0,(anonymous_13)
FNDA:2,(anonymous_14)
FNDA:0,(anonymous_15)
FNDA:14,(anonymous_16)
FNDA:5,(anonymous_17)
FNDA:1,(anonymous_18)
FNDA:3,(anonymous_19)
DA:14,8
DA:15,8
DA:16,8
DA:17,8
DA:18,8
DA:19,8
DA:20,8
DA:21,8
DA:22,8
DA:23,8
DA:34,1
DA:35,1
DA:46,6
DA:50,8
DA:52,24
DA:57,24
DA:58,69
DA:63,2
DA:64,2
DA:65,1
DA:67,2
DA:68,1
DA:73,6
DA:74,6
DA:75,6
DA:76,6
DA:77,6
DA:78,6
DA:80,0
DA:82,6
DA:84,6
DA:88,2
DA:89,2
DA:93,1
DA:97,6
DA:101,0
DA:105,2
DA:106,2
DA:110,0
DA:111,0
DA:112,0
DA:116,14
DA:120,5
DA:121,3
DA:122,2
DA:128,1
DA:129,3
DA:130,0
LF:48
LH:42
BRDA:7,0,0,4
BRDA:14,1,0,8
BRDA:14,1,1,6
BRDA:15,2,0,8
BRDA:15,2,1,0
BRDA:16,3,0,8
BRDA:16,3,1,4
BRDA:17,4,0,8
BRDA:17,4,1,4
BRDA:56,5,0,0
BRDA:56,6,0,0
BRDA:64,7,0,1
BRDA:64,7,1,1
BRDA:67,8,0,1
BRDA:67,8,1,1
BRDA:74,9,0,1
BRDA:74,9,1,5
BRDA:77,10,0,6
BRDA:77,10,1,0
BRDA:82,11,0,6
BRDA:82,11,1,0
BRDA:84,12,0,0
BRDA:84,12,1,6
BRDA:109,13,0,0
BRDA:119,14,0,1
BRDA:119,15,0,2
BRDA:120,16,0,3
BRDA:120,16,1,2
BRDA:120,17,0,5
BRDA:120,17,1,4
BRDA:121,18,0,2
BRDA:121,18,1,1
BRDA:121,19,0,3
BRDA:121,19,1,2
BRDA:128,20,0,1
BRDA:128,20,1,0
BRDA:128,21,0,1
BRDA:128,21,1,1
BRF:38
BRH:30
end_of_record
